[debug] [2023-07-11T12:28:47.920Z] ----------------------------------------------------------------------
[debug] [2023-07-11T12:28:47.922Z] Command:       C:\Program Files\nodejs\node.exe C:\Users\muhammedo\AppData\Roaming\npm\node_modules\firebase-tools\lib\bin\firebase.js init
[debug] [2023-07-11T12:28:47.922Z] CLI Version:   12.4.3
[debug] [2023-07-11T12:28:47.923Z] Platform:      win32
[debug] [2023-07-11T12:28:47.923Z] Node Version:  v18.16.1
[debug] [2023-07-11T12:28:47.924Z] Time:          Tue Jul 11 2023 15:28:47 GMT+0300 (Israel Daylight Time)
[debug] [2023-07-11T12:28:47.924Z] ----------------------------------------------------------------------
[debug] 
[debug] [2023-07-11T12:28:47.934Z] > command requires scopes: ["email","openid","https://www.googleapis.com/auth/cloudplatformprojects.readonly","https://www.googleapis.com/auth/firebase","https://www.googleapis.com/auth/cloud-platform"]
[debug] [2023-07-11T12:28:47.934Z] > authorizing via signed-in user (mhmdatamny8@gmail.com)
[info] 
     ######## #### ########  ######## ########     ###     ######  ########
     ##        ##  ##     ## ##       ##     ##  ##   ##  ##       ##
     ######    ##  ########  ######   ########  #########  ######  ######
     ##        ##  ##    ##  ##       ##     ## ##     ##       ## ##
     ##       #### ##     ## ######## ########  ##     ##  ######  ########

You're about to initialize a Firebase project in this directory:

  C:\Users\muhammedo\Desktop\search engine\employeessearch-main\server

[info] 
=== Project Setup
[info] 
[info] First, let's associate this project directory with a Firebase project.
[info] You can create multiple project aliases by running firebase use --add, 
[info] but for now we'll just set up a default project.
[info] 
[info] i  If you want to create a project in a Google Cloud organization or folder, please use "firebase projects:create" instead, and return to this command when you've created the project. 
[debug] [2023-07-11T12:30:45.491Z] >>> [apiv2][query] POST https://cloudresourcemanager.googleapis.com/v1/projects [none]
[debug] [2023-07-11T12:30:45.492Z] >>> [apiv2][body] POST https://cloudresourcemanager.googleapis.com/v1/projects {"projectId":"serversearch","name":"searchapp"}
[debug] [2023-07-11T12:30:46.569Z] <<< [apiv2][status] POST https://cloudresourcemanager.googleapis.com/v1/projects 409
[debug] [2023-07-11T12:30:46.569Z] <<< [apiv2][body] POST https://cloudresourcemanager.googleapis.com/v1/projects {"error":{"code":409,"message":"Requested entity already exists","status":"ALREADY_EXISTS"}}
[debug] [2023-07-11T12:30:46.794Z] FirebaseError: HTTP Error: 409, Requested entity already exists
    at responseToError (C:\Users\muhammedo\AppData\Roaming\npm\node_modules\firebase-tools\lib\responseToError.js:49:12)
    at RetryOperation._fn (C:\Users\muhammedo\AppData\Roaming\npm\node_modules\firebase-tools\lib\apiv2.js:288:77)
    at process.processTicksAndRejections (node:internal/process/task_queues:95:5)
[error] 
[error] Error: Failed to create project because there is already a project with ID serversearch. Please try again with a unique project ID.
[debug] [2023-07-11T12:31:01.858Z] ----------------------------------------------------------------------
[debug] [2023-07-11T12:31:01.860Z] Command:       C:\Program Files\nodejs\node.exe C:\Users\muhammedo\AppData\Roaming\npm\node_modules\firebase-tools\lib\bin\firebase.js init
[debug] [2023-07-11T12:31:01.860Z] CLI Version:   12.4.3
[debug] [2023-07-11T12:31:01.861Z] Platform:      win32
[debug] [2023-07-11T12:31:01.861Z] Node Version:  v18.16.1
[debug] [2023-07-11T12:31:01.862Z] Time:          Tue Jul 11 2023 15:31:01 GMT+0300 (Israel Daylight Time)
[debug] [2023-07-11T12:31:01.862Z] ----------------------------------------------------------------------
[debug] 
[debug] [2023-07-11T12:31:01.873Z] > command requires scopes: ["email","openid","https://www.googleapis.com/auth/cloudplatformprojects.readonly","https://www.googleapis.com/auth/firebase","https://www.googleapis.com/auth/cloud-platform"]
[debug] [2023-07-11T12:31:01.874Z] > authorizing via signed-in user (mhmdatamny8@gmail.com)
[info] 
     ######## #### ########  ######## ########     ###     ######  ########
     ##        ##  ##     ## ##       ##     ##  ##   ##  ##       ##
     ######    ##  ########  ######   ########  #########  ######  ######
     ##        ##  ##    ##  ##       ##     ## ##     ##       ## ##
     ##       #### ##     ## ######## ########  ##     ##  ######  ########

You're about to initialize a Firebase project in this directory:

  C:\Users\muhammedo\Desktop\search engine\employeessearch-main\server

[info] 
=== Project Setup
[info] 
[info] First, let's associate this project directory with a Firebase project.
[info] You can create multiple project aliases by running firebase use --add, 
[info] but for now we'll just set up a default project.
[info] 
[info] i  If you want to create a project in a Google Cloud organization or folder, please use "firebase projects:create" instead, and return to this command when you've created the project. 
[debug] [2023-07-11T12:32:35.763Z] >>> [apiv2][query] POST https://cloudresourcemanager.googleapis.com/v1/projects [none]
[debug] [2023-07-11T12:32:35.764Z] >>> [apiv2][body] POST https://cloudresourcemanager.googleapis.com/v1/projects {"projectId":"my-node-server-05478","name":"My Node.js Server Project"}
[debug] [2023-07-11T12:32:36.198Z] <<< [apiv2][status] POST https://cloudresourcemanager.googleapis.com/v1/projects 400
[debug] [2023-07-11T12:32:36.198Z] <<< [apiv2][body] POST https://cloudresourcemanager.googleapis.com/v1/projects {"error":{"code":400,"message":"field [display_name] has issue [project display name contains invalid characters]","status":"INVALID_ARGUMENT","details":[{"@type":"type.googleapis.com/google.rpc.BadRequest","fieldViolations":[{"field":"display_name","description":"project display name contains invalid characters"}]},{"@type":"type.googleapis.com/google.rpc.Help","links":[{"url":"https://cloud.google.com/resource-manager/reference/rest/v1/projects"}]}]}}
[debug] [2023-07-11T12:32:36.452Z] FirebaseError: HTTP Error: 400, field [display_name] has issue [project display name contains invalid characters]
    at responseToError (C:\Users\muhammedo\AppData\Roaming\npm\node_modules\firebase-tools\lib\responseToError.js:49:12)
    at RetryOperation._fn (C:\Users\muhammedo\AppData\Roaming\npm\node_modules\firebase-tools\lib\apiv2.js:288:77)
    at process.processTicksAndRejections (node:internal/process/task_queues:95:5)
[error] 
[error] Error: Failed to create project. See firebase-debug.log for more info.
[debug] [2023-07-11T12:32:45.336Z] ----------------------------------------------------------------------
[debug] [2023-07-11T12:32:45.338Z] Command:       C:\Program Files\nodejs\node.exe C:\Users\muhammedo\AppData\Roaming\npm\node_modules\firebase-tools\lib\bin\firebase.js init
[debug] [2023-07-11T12:32:45.339Z] CLI Version:   12.4.3
[debug] [2023-07-11T12:32:45.339Z] Platform:      win32
[debug] [2023-07-11T12:32:45.339Z] Node Version:  v18.16.1
[debug] [2023-07-11T12:32:45.340Z] Time:          Tue Jul 11 2023 15:32:45 GMT+0300 (Israel Daylight Time)
[debug] [2023-07-11T12:32:45.340Z] ----------------------------------------------------------------------
[debug] 
[debug] [2023-07-11T12:32:45.349Z] > command requires scopes: ["email","openid","https://www.googleapis.com/auth/cloudplatformprojects.readonly","https://www.googleapis.com/auth/firebase","https://www.googleapis.com/auth/cloud-platform"]
[debug] [2023-07-11T12:32:45.349Z] > authorizing via signed-in user (mhmdatamny8@gmail.com)
[info] 
     ######## #### ########  ######## ########     ###     ######  ########
     ##        ##  ##     ## ##       ##     ##  ##   ##  ##       ##
     ######    ##  ########  ######   ########  #########  ######  ######
     ##        ##  ##    ##  ##       ##     ## ##     ##       ## ##
     ##       #### ##     ## ######## ########  ##     ##  ######  ########

You're about to initialize a Firebase project in this directory:

  C:\Users\muhammedo\Desktop\search engine\employeessearch-main\server

[info] 
=== Project Setup
[info] 
[info] First, let's associate this project directory with a Firebase project.
[info] You can create multiple project aliases by running firebase use --add, 
[info] but for now we'll just set up a default project.
[info] 
[info] i  If you want to create a project in a Google Cloud organization or folder, please use "firebase projects:create" instead, and return to this command when you've created the project. 
[debug] [2023-07-11T12:33:33.860Z] >>> [apiv2][query] POST https://cloudresourcemanager.googleapis.com/v1/projects [none]
[debug] [2023-07-11T12:33:33.861Z] >>> [apiv2][body] POST https://cloudresourcemanager.googleapis.com/v1/projects {"projectId":"my-node-server-123","name":"my nodejs server seachemployee"}
[debug] [2023-07-11T12:33:34.435Z] <<< [apiv2][status] POST https://cloudresourcemanager.googleapis.com/v1/projects 200
[debug] [2023-07-11T12:33:34.436Z] <<< [apiv2][body] POST https://cloudresourcemanager.googleapis.com/v1/projects {"name":"operations/cp.8559418600862675624"}
[debug] [2023-07-11T12:33:34.437Z] >>> [apiv2][query] GET https://cloudresourcemanager.googleapis.com/v1/operations/cp.8559418600862675624 [none]
[debug] [2023-07-11T12:33:35.446Z] <<< [apiv2][status] GET https://cloudresourcemanager.googleapis.com/v1/operations/cp.8559418600862675624 200
[debug] [2023-07-11T12:33:35.446Z] <<< [apiv2][body] GET https://cloudresourcemanager.googleapis.com/v1/operations/cp.8559418600862675624 {"name":"operations/cp.8559418600862675624"}
[debug] [2023-07-11T12:33:35.957Z] [Project Creation Poller] Retrying task index 0
[debug] [2023-07-11T12:33:35.958Z] >>> [apiv2][query] GET https://cloudresourcemanager.googleapis.com/v1/operations/cp.8559418600862675624 [none]
[debug] [2023-07-11T12:33:36.975Z] <<< [apiv2][status] GET https://cloudresourcemanager.googleapis.com/v1/operations/cp.8559418600862675624 200
[debug] [2023-07-11T12:33:36.975Z] <<< [apiv2][body] GET https://cloudresourcemanager.googleapis.com/v1/operations/cp.8559418600862675624 {"name":"operations/cp.8559418600862675624"}
[debug] [2023-07-11T12:33:37.990Z] [Project Creation Poller] Retrying task index 0
[debug] [2023-07-11T12:33:37.991Z] >>> [apiv2][query] GET https://cloudresourcemanager.googleapis.com/v1/operations/cp.8559418600862675624 [none]
[debug] [2023-07-11T12:33:39.004Z] <<< [apiv2][status] GET https://cloudresourcemanager.googleapis.com/v1/operations/cp.8559418600862675624 200
[debug] [2023-07-11T12:33:39.005Z] <<< [apiv2][body] GET https://cloudresourcemanager.googleapis.com/v1/operations/cp.8559418600862675624 {"name":"operations/cp.8559418600862675624","metadata":{"@type":"type.googleapis.com/google.cloudresourcemanager.v1.ProjectCreationStatus","gettable":true,"ready":true},"done":true,"response":{"@type":"type.googleapis.com/google.cloudresourcemanager.v1.Project","projectNumber":"666173520682","projectId":"my-node-server-123","lifecycleState":"ACTIVE","name":"my nodejs server seachemployee","createTime":"2023-07-11T12:33:36.314Z"}}
[debug] [2023-07-11T12:33:39.010Z] >>> [apiv2][query] POST https://firebase.googleapis.com/v1beta1/projects/my-node-server-123:addFirebase [none]
[debug] [2023-07-11T12:33:40.108Z] <<< [apiv2][status] POST https://firebase.googleapis.com/v1beta1/projects/my-node-server-123:addFirebase 403
[debug] [2023-07-11T12:33:40.108Z] <<< [apiv2][body] POST https://firebase.googleapis.com/v1beta1/projects/my-node-server-123:addFirebase {"error":{"code":403,"message":"The caller does not have permission","status":"PERMISSION_DENIED"}}
[debug] [2023-07-11T12:33:40.109Z] HTTP Error: 403, The caller does not have permission
[debug] [2023-07-11T12:33:40.360Z] FirebaseError: HTTP Error: 403, The caller does not have permission
    at responseToError (C:\Users\muhammedo\AppData\Roaming\npm\node_modules\firebase-tools\lib\responseToError.js:49:12)
    at RetryOperation._fn (C:\Users\muhammedo\AppData\Roaming\npm\node_modules\firebase-tools\lib\apiv2.js:288:77)
    at process.processTicksAndRejections (node:internal/process/task_queues:95:5)
[error] 
[error] Error: Failed to add Firebase to Google Cloud Platform project. See firebase-debug.log for more info.
